<?xml version="1.0" encoding="UTF-8"?>
<testng-results ignored="0" total="10" passed="10" failed="0" skipped="0">
  <reporter-output>
  </reporter-output>
  <suite started-at="2022-12-22T14:14:32 IST" name="Suite" finished-at="2022-12-22T14:16:11 IST" duration-ms="98699">
    <groups>
    </groups>
    <test started-at="2022-12-22T14:14:32 IST" name="Test" finished-at="2022-12-22T14:16:11 IST" duration-ms="98699">
      <class name="com.learn.testcase.LoginTestCRM">
        <test-method is-config="true" signature="setup()[pri:0, instance:com.learn.testcase.LoginTestCRM@5b7a5baa]" started-at="2022-12-22T14:14:32 IST" name="setup" finished-at="2022-12-22T14:14:41 IST" duration-ms="8994" status="PASS">
          <reporter-output>
          </reporter-output>
        </test-method> <!-- setup -->
        <test-method signature="loginApp()[pri:1, instance:com.learn.testcase.LoginTestCRM@5b7a5baa]" started-at="2022-12-22T14:14:41 IST" name="loginApp" finished-at="2022-12-22T14:15:02 IST" duration-ms="21099" status="PASS">
          <reporter-output>
          </reporter-output>
        </test-method> <!-- loginApp -->
        <test-method signature="Dashboard()[pri:2, instance:com.learn.testcase.LoginTestCRM@5b7a5baa]" started-at="2022-12-22T14:15:02 IST" name="Dashboard" finished-at="2022-12-22T14:15:05 IST" duration-ms="2155" status="PASS">
          <reporter-output>
          </reporter-output>
        </test-method> <!-- Dashboard -->
        <test-method signature="ManageSupervisorPage()[pri:3, instance:com.learn.testcase.LoginTestCRM@5b7a5baa]" started-at="2022-12-22T14:15:05 IST" name="ManageSupervisorPage" finished-at="2022-12-22T14:15:08 IST" duration-ms="3156" status="PASS">
          <reporter-output>
          </reporter-output>
        </test-method> <!-- ManageSupervisorPage -->
        <test-method signature="AddSupervisorPage()[pri:4, instance:com.learn.testcase.LoginTestCRM@5b7a5baa]" started-at="2022-12-22T14:15:08 IST" name="AddSupervisorPage" finished-at="2022-12-22T14:15:11 IST" duration-ms="3164" status="PASS">
          <reporter-output>
          </reporter-output>
        </test-method> <!-- AddSupervisorPage -->
        <test-method signature="InsertsupervisorPage()[pri:5, instance:com.learn.testcase.LoginTestCRM@5b7a5baa]" started-at="2022-12-22T14:15:11 IST" name="InsertsupervisorPage" finished-at="2022-12-22T14:15:19 IST" duration-ms="8528" status="PASS">
          <reporter-output>
          </reporter-output>
        </test-method> <!-- InsertsupervisorPage -->
        <test-method signature="PopupHandler()[pri:6, instance:com.learn.testcase.LoginTestCRM@5b7a5baa]" started-at="2022-12-22T14:15:19 IST" name="PopupHandler" finished-at="2022-12-22T14:15:23 IST" duration-ms="3206" status="PASS">
          <reporter-output>
          </reporter-output>
        </test-method> <!-- PopupHandler -->
        <test-method signature="SupervisorSearch()[pri:7, instance:com.learn.testcase.LoginTestCRM@5b7a5baa]" started-at="2022-12-22T14:15:23 IST" name="SupervisorSearch" finished-at="2022-12-22T14:15:27 IST" duration-ms="4136" status="PASS">
          <reporter-output>
          </reporter-output>
        </test-method> <!-- SupervisorSearch -->
        <test-method signature="SupervisorEditPage()[pri:8, instance:com.learn.testcase.LoginTestCRM@5b7a5baa]" started-at="2022-12-22T14:15:27 IST" name="SupervisorEditPage" finished-at="2022-12-22T14:15:43 IST" duration-ms="15849" status="PASS">
          <reporter-output>
          </reporter-output>
        </test-method> <!-- SupervisorEditPage -->
        <test-method signature="SupervisorViewPage()[pri:9, instance:com.learn.testcase.LoginTestCRM@5b7a5baa]" started-at="2022-12-22T14:15:43 IST" name="SupervisorViewPage" finished-at="2022-12-22T14:15:50 IST" duration-ms="7365" status="PASS">
          <reporter-output>
          </reporter-output>
        </test-method> <!-- SupervisorViewPage -->
        <test-method signature="SupervisorDelete()[pri:10, instance:com.learn.testcase.LoginTestCRM@5b7a5baa]" started-at="2022-12-22T14:15:50 IST" name="SupervisorDelete" finished-at="2022-12-22T14:16:10 IST" duration-ms="20501" status="PASS">
          <reporter-output>
          </reporter-output>
        </test-method> <!-- SupervisorDelete -->
        <test-method is-config="true" signature="tearDown()[pri:0, instance:com.learn.testcase.LoginTestCRM@5b7a5baa]" started-at="2022-12-22T14:16:10 IST" name="tearDown" finished-at="2022-12-22T14:16:11 IST" duration-ms="501" status="PASS">
          <reporter-output>
          </reporter-output>
        </test-method> <!-- tearDown -->
      </class> <!-- com.learn.testcase.LoginTestCRM -->
    </test> <!-- Test -->
  </suite> <!-- Suite -->
</testng-results>
