<?xml version="1.0" encoding="UTF-8"?>
<!-- Generated by org.testng.reporters.JUnitXMLReporter -->
<testsuite ignored="0" hostname="DESKTOP-NFCUDP0" failures="0" tests="10" name="Test" time="98.699" errors="0" timestamp="2022-12-22T14:16:11 IST">
  <testcase classname="com.learn.testcase.LoginTestCRM" name="loginApp" time="21.099"/>
  <testcase classname="com.learn.testcase.LoginTestCRM" name="Dashboard" time="2.155"/>
  <testcase classname="com.learn.testcase.LoginTestCRM" name="ManageSupervisorPage" time="3.156"/>
  <testcase classname="com.learn.testcase.LoginTestCRM" name="AddSupervisorPage" time="3.164"/>
  <testcase classname="com.learn.testcase.LoginTestCRM" name="InsertsupervisorPage" time="8.528"/>
  <testcase classname="com.learn.testcase.LoginTestCRM" name="PopupHandler" time="3.206"/>
  <testcase classname="com.learn.testcase.LoginTestCRM" name="SupervisorSearch" time="4.136"/>
  <testcase classname="com.learn.testcase.LoginTestCRM" name="SupervisorEditPage" time="15.849"/>
  <testcase classname="com.learn.testcase.LoginTestCRM" name="SupervisorViewPage" time="7.365"/>
  <testcase classname="com.learn.testcase.LoginTestCRM" name="SupervisorDelete" time="20.501"/>
</testsuite> <!-- Test -->
