<?xml version="1.0" encoding="UTF-8"?>
<!-- Generated by org.testng.reporters.JUnitXMLReporter -->
<testsuite ignored="0" hostname="DESKTOP-NFCUDP0" failures="0" tests="10" name="Default test" time="85.101" errors="0" timestamp="2022-12-22T14:10:24 IST">
  <testcase classname="com.learn.testcase.LoginTestCRM" name="loginApp" time="5.864"/>
  <testcase classname="com.learn.testcase.LoginTestCRM" name="Dashboard" time="2.149"/>
  <testcase classname="com.learn.testcase.LoginTestCRM" name="ManageSupervisorPage" time="3.311"/>
  <testcase classname="com.learn.testcase.LoginTestCRM" name="AddSupervisorPage" time="3.204"/>
  <testcase classname="com.learn.testcase.LoginTestCRM" name="InsertsupervisorPage" time="8.518"/>
  <testcase classname="com.learn.testcase.LoginTestCRM" name="PopupHandler" time="3.27"/>
  <testcase classname="com.learn.testcase.LoginTestCRM" name="SupervisorSearch" time="4.144"/>
  <testcase classname="com.learn.testcase.LoginTestCRM" name="SupervisorEditPage" time="16.253"/>
  <testcase classname="com.learn.testcase.LoginTestCRM" name="SupervisorViewPage" time="7.433"/>
  <testcase classname="com.learn.testcase.LoginTestCRM" name="SupervisorDelete" time="20.864"/>
</testsuite> <!-- Default test -->
